<?xml version="1.0" encoding="UTF-8"?>
<!-- Generated by org.testng.reporters.JUnitReportReporter -->
<testsuite skipped="0" hostname="Veeras-MacBook-Pro.local" name="com.testngtsetcases.TC_01" tests="1" failures="0" timestamp="13 Mar 2023 02:16:26 GMT" time="0.005" errors="0">
  <testcase name="validateLogin" time="0.005" classname="com.testngtsetcases.TC_01"/>
</testsuite> <!-- com.testngtsetcases.TC_01 -->
